Using pre-set license
Built from '2020.2/staging' branch; Version is '2020.2.3f1 (8ff31bc5bf5b) revision 9433883'; Using compiler version '192528614'; Build Type 'Release'
OS: 'Windows 10 Home; OS build 19042.868; Version 2009; 64bit' Language: 'en' Physical Memory: 16332 MB
BatchMode: 1, IsHumanControllingUs: 0, StartBugReporterOnCrash: 0, Is64bit: 1, IsPro: 0

 COMMAND LINE ARGUMENTS:
C:\Program Files\Unity\Hub\Editor\2020.2.3f1\Editor\Unity.exe
-adb2
-batchMode
-noUpm
-name
AssetImportWorker0
-projectPath
E:/Game Development/GitHub Projects/ThisLifeOfMine/This Life of Mine
-logFile
Logs/AssetImportWorker0.log
-srvPort
50127
Successfully changed project path to: E:/Game Development/GitHub Projects/ThisLifeOfMine/This Life of Mine
E:/Game Development/GitHub Projects/ThisLifeOfMine/This Life of Mine
Using Asset Import Pipeline V2.
Refreshing native plugins compatible for Editor in 61.28 ms, found 0 plugins.
Preloading 0 native plugins for Editor in 0.00 ms.
Initialize engine version: 2020.2.3f1 (8ff31bc5bf5b)
[Subsystems] Discovering subsystems at path C:/Program Files/Unity/Hub/Editor/2020.2.3f1/Editor/Data/Resources/UnitySubsystems
[Subsystems] Discovering subsystems at path E:/Game Development/GitHub Projects/ThisLifeOfMine/This Life of Mine/Assets
GfxDevice: creating device client; threaded=0
Direct3D:
    Version:  Direct3D 11.0 [level 11.1]
    Renderer: NVIDIA GeForce GTX 1070 (ID=0x1b81)
    Vendor:   
    VRAM:     8088 MB
    Driver:   27.21.14.6589
Shader 'Universal Render Pipeline/Particles/Lit': fallback shader 'Universal Render Pipeline/Particles/SimpleLit' not found
Initialize mono
Mono path[0] = 'C:/Program Files/Unity/Hub/Editor/2020.2.3f1/Editor/Data/Managed'
Mono path[1] = 'C:/Program Files/Unity/Hub/Editor/2020.2.3f1/Editor/Data/MonoBleedingEdge/lib/mono/unityjit'
Mono config path = 'C:/Program Files/Unity/Hub/Editor/2020.2.3f1/Editor/Data/MonoBleedingEdge/etc'
Using monoOptions --debugger-agent=transport=dt_socket,embedding=1,server=y,suspend=n,address=127.0.0.1:56172
Begin MonoManager ReloadAssembly
Registering precompiled unity dll's ...
Register platform support module: C:/Program Files/Unity/Hub/Editor/2020.2.3f1/Editor/Data/PlaybackEngines/WindowsStandaloneSupport/UnityEditor.WindowsStandalone.Extensions.dll
Registered in 0.001653 seconds.
Native extension for WindowsStandalone target not found
Refreshing native plugins compatible for Editor in 60.73 ms, found 0 plugins.
Preloading 0 native plugins for Editor in 0.00 ms.
Invoked RoslynAnalysisRunner static constructor.
RoslynAnalysisRunner will not be running.
RoslynAnalysisRunner has terminated.
Mono: successfully reloaded assembly
- Completed reload, in  0.945 seconds
Platform modules already initialized, skipping
Registering precompiled user dll's ...
Registered in 0.002820 seconds.
Begin MonoManager ReloadAssembly
Native extension for WindowsStandalone target not found
Refreshing native plugins compatible for Editor in 63.27 ms, found 0 plugins.
Preloading 0 native plugins for Editor in 0.00 ms.
Invoked RoslynAnalysisRunner static constructor.
RoslynAnalysisRunner will not be running.
RoslynAnalysisRunner has terminated.
Mono: successfully reloaded assembly
- Completed reload, in  1.063 seconds
Platform modules already initialized, skipping
========================================================================
Worker process is ready to serve import requests
Shader 'Universal Render Pipeline/Particles/Lit': fallback shader 'Universal Render Pipeline/Particles/SimpleLit' not found
Launched and connected shader compiler UnityShaderCompiler.exe after 0.04 seconds
Refreshing native plugins compatible for Editor in 0.55 ms, found 0 plugins.
Preloading 0 native plugins for Editor in 0.00 ms.
Unloading 3222 Unused Serialized files (Serialized files now loaded: 0)
System memory in use before: 172.2 MB.
System memory in use after: 172.4 MB.

Unloading 20 unused Assets to reduce memory usage. Loaded Objects now: 3711.
Total: 2.985400 ms (FindLiveObjects: 0.521900 ms CreateObjectMapping: 0.151400 ms MarkObjects: 2.278200 ms  DeleteObjects: 0.032400 ms)

========================================================================
Received Import Request.
  path: Assets/Images
  artifactKey: Guid(078ae44c7efbe9d46b1d878d9595079a) Importer(815301076,1909f56bfc062723c751e8b465ee728b)
Start importing Assets/Images using Guid(078ae44c7efbe9d46b1d878d9595079a) Importer(815301076,1909f56bfc062723c751e8b465ee728b)  -> (artifact id: '8ab87ea3a6539cf6fab3341a735709cb') in 0.010974 seconds
  Import took 0.015689 seconds .

========================================================================
Received Import Request.
  Time since last request: 5.718141 seconds.
  path: Assets/Images/simple_tex.png
  artifactKey: Guid(5b061f8e16e86bc45b6c21cc82a8d6df) Importer(815301076,1909f56bfc062723c751e8b465ee728b)
Start importing Assets/Images/simple_tex.png using Guid(5b061f8e16e86bc45b6c21cc82a8d6df) Importer(815301076,1909f56bfc062723c751e8b465ee728b)  -> (artifact id: '00267557ea1016e5aaf567e15e9f7d6c') in 0.089756 seconds
  Import took 0.094182 seconds .

========================================================================
Received Import Request.
  Time since last request: 9.297647 seconds.
  path: Assets/Images/simple_tex.png
  artifactKey: Guid(5b061f8e16e86bc45b6c21cc82a8d6df) Importer(815301076,1909f56bfc062723c751e8b465ee728b)
Start importing Assets/Images/simple_tex.png using Guid(5b061f8e16e86bc45b6c21cc82a8d6df) Importer(815301076,1909f56bfc062723c751e8b465ee728b)  -> (artifact id: '2c88b3c64219a74c74aa49a9f9e80517') in 0.015425 seconds
  Import took 0.020064 seconds .

========================================================================
Received Import Request.
  Time since last request: 0.039410 seconds.
  path: Assets/Images/simple_tex.png
  artifactKey: Guid(5b061f8e16e86bc45b6c21cc82a8d6df) Importer(815301076,1909f56bfc062723c751e8b465ee728b)
Start importing Assets/Images/simple_tex.png using Guid(5b061f8e16e86bc45b6c21cc82a8d6df) Importer(815301076,1909f56bfc062723c751e8b465ee728b)  -> (artifact id: '2c88b3c64219a74c74aa49a9f9e80517') in 0.008973 seconds
  Import took 0.013446 seconds .

========================================================================
Received Import Request.
  Time since last request: 74.737982 seconds.
  path: Assets/Images/simple_tex.png
  artifactKey: Guid(5b061f8e16e86bc45b6c21cc82a8d6df) Importer(815301076,1909f56bfc062723c751e8b465ee728b)
Start importing Assets/Images/simple_tex.png using Guid(5b061f8e16e86bc45b6c21cc82a8d6df) Importer(815301076,1909f56bfc062723c751e8b465ee728b)  -> (artifact id: '7becb157a557cd58282e957c8b8da17a') in 0.062598 seconds
  Import took 0.067248 seconds .

========================================================================
Received Import Request.
  Time since last request: 68.084830 seconds.
  path: Assets/Images/simple_tex.png
  artifactKey: Guid(5b061f8e16e86bc45b6c21cc82a8d6df) Importer(815301076,1909f56bfc062723c751e8b465ee728b)
Start importing Assets/Images/simple_tex.png using Guid(5b061f8e16e86bc45b6c21cc82a8d6df) Importer(815301076,1909f56bfc062723c751e8b465ee728b)  -> (artifact id: 'f3ce2d537b4767ced7049839d91784a0') in 0.017797 seconds
  Import took 0.022517 seconds .

========================================================================
Received Import Request.
  Time since last request: 13.791847 seconds.
  path: Assets/Images/simple_tex.png
  artifactKey: Guid(5b061f8e16e86bc45b6c21cc82a8d6df) Importer(815301076,1909f56bfc062723c751e8b465ee728b)
Start importing Assets/Images/simple_tex.png using Guid(5b061f8e16e86bc45b6c21cc82a8d6df) Importer(815301076,1909f56bfc062723c751e8b465ee728b)  -> (artifact id: '4bc8840976266fd121c24a9af248cc36') in 0.026929 seconds
  Import took 0.031540 seconds .

========================================================================
Received Import Request.
  Time since last request: 61.378298 seconds.
  path: Assets/Images/simple_tex.png
  artifactKey: Guid(5b061f8e16e86bc45b6c21cc82a8d6df) Importer(815301076,1909f56bfc062723c751e8b465ee728b)
Start importing Assets/Images/simple_tex.png using Guid(5b061f8e16e86bc45b6c21cc82a8d6df) Importer(815301076,1909f56bfc062723c751e8b465ee728b)  -> (artifact id: '92eba8118c2efa3b0ca2d0832f1b7655') in 0.012093 seconds
  Import took 0.017367 seconds .

========================================================================
Received Import Request.
  Time since last request: 103.930217 seconds.
  path: Assets/Images/simple_tex.png
  artifactKey: Guid(5b061f8e16e86bc45b6c21cc82a8d6df) Importer(815301076,1909f56bfc062723c751e8b465ee728b)
Start importing Assets/Images/simple_tex.png using Guid(5b061f8e16e86bc45b6c21cc82a8d6df) Importer(815301076,1909f56bfc062723c751e8b465ee728b)  -> (artifact id: 'aa2182d359901949809decffbaac3c22') in 0.010970 seconds
  Import took 0.015499 seconds .

========================================================================
Received Import Request.
  Time since last request: 0.000749 seconds.
  path: Assets/Images/simple_tex.png
  artifactKey: Guid(5b061f8e16e86bc45b6c21cc82a8d6df) Importer(815301076,1909f56bfc062723c751e8b465ee728b)
Start importing Assets/Images/simple_tex.png using Guid(5b061f8e16e86bc45b6c21cc82a8d6df) Importer(815301076,1909f56bfc062723c751e8b465ee728b)  -> (artifact id: 'aa2182d359901949809decffbaac3c22') in 0.007804 seconds
  Import took 0.012180 seconds .

========================================================================
Received Import Request.
  Time since last request: 18.074530 seconds.
  path: Assets/Images/simple_tex.png
  artifactKey: Guid(5b061f8e16e86bc45b6c21cc82a8d6df) Importer(815301076,1909f56bfc062723c751e8b465ee728b)
Start importing Assets/Images/simple_tex.png using Guid(5b061f8e16e86bc45b6c21cc82a8d6df) Importer(815301076,1909f56bfc062723c751e8b465ee728b)  -> (artifact id: '138602eee6f883c0e802d7cff1ab6d47') in 0.012390 seconds
  Import took 0.016936 seconds .

========================================================================
Received Import Request.
  Time since last request: 0.022159 seconds.
  path: Assets/Images/simple_tex.png
  artifactKey: Guid(5b061f8e16e86bc45b6c21cc82a8d6df) Importer(815301076,1909f56bfc062723c751e8b465ee728b)
Start importing Assets/Images/simple_tex.png using Guid(5b061f8e16e86bc45b6c21cc82a8d6df) Importer(815301076,1909f56bfc062723c751e8b465ee728b)  -> (artifact id: '138602eee6f883c0e802d7cff1ab6d47') in 0.008421 seconds
  Import took 0.012981 seconds .

========================================================================
Received Import Request.
  Time since last request: 158.736961 seconds.
  path: Assets/Images/simple_tex.png
  artifactKey: Guid(5b061f8e16e86bc45b6c21cc82a8d6df) Importer(815301076,1909f56bfc062723c751e8b465ee728b)
Start importing Assets/Images/simple_tex.png using Guid(5b061f8e16e86bc45b6c21cc82a8d6df) Importer(815301076,1909f56bfc062723c751e8b465ee728b)  -> (artifact id: 'a7cfa971f8b064babbafb13f80e23297') in 0.018896 seconds
  Import took 0.023708 seconds .

========================================================================
Received Import Request.
  Time since last request: 144.059287 seconds.
  path: Assets/Images/simple_tex.png
  artifactKey: Guid(5b061f8e16e86bc45b6c21cc82a8d6df) Importer(815301076,1909f56bfc062723c751e8b465ee728b)
Start importing Assets/Images/simple_tex.png using Guid(5b061f8e16e86bc45b6c21cc82a8d6df) Importer(815301076,1909f56bfc062723c751e8b465ee728b)  -> (artifact id: '10c99cc0458850fe218c18fb8d6e86ef') in 0.009607 seconds
  Import took 0.014301 seconds .

========================================================================
Received Import Request.
  Time since last request: 0.001902 seconds.
  path: Assets/Images/simple_tex.png
  artifactKey: Guid(5b061f8e16e86bc45b6c21cc82a8d6df) Importer(815301076,1909f56bfc062723c751e8b465ee728b)
Start importing Assets/Images/simple_tex.png using Guid(5b061f8e16e86bc45b6c21cc82a8d6df) Importer(815301076,1909f56bfc062723c751e8b465ee728b)  -> (artifact id: '10c99cc0458850fe218c18fb8d6e86ef') in 0.006299 seconds
  Import took 0.010861 seconds .

========================================================================
Received Import Request.
  Time since last request: 11.301821 seconds.
  path: Assets/Images/simple_tex.png
  artifactKey: Guid(5b061f8e16e86bc45b6c21cc82a8d6df) Importer(815301076,1909f56bfc062723c751e8b465ee728b)
Start importing Assets/Images/simple_tex.png using Guid(5b061f8e16e86bc45b6c21cc82a8d6df) Importer(815301076,1909f56bfc062723c751e8b465ee728b)  -> (artifact id: 'd5213d0661a40f28ce129cfb8e9179b4') in 0.015505 seconds
  Import took 0.020445 seconds .

========================================================================
Received Import Request.
  Time since last request: 7.857970 seconds.
  path: Assets/Images/simple_tex.png
  artifactKey: Guid(5b061f8e16e86bc45b6c21cc82a8d6df) Importer(815301076,1909f56bfc062723c751e8b465ee728b)
Start importing Assets/Images/simple_tex.png using Guid(5b061f8e16e86bc45b6c21cc82a8d6df) Importer(815301076,1909f56bfc062723c751e8b465ee728b)  -> (artifact id: '9d6f7ecaf6dd1cdfb1ca8b8e493221d8') in 0.021268 seconds
  Import took 0.025859 seconds .

========================================================================
Received Import Request.
  Time since last request: 26.426830 seconds.
  path: Assets/Images/simple_tex.png
  artifactKey: Guid(5b061f8e16e86bc45b6c21cc82a8d6df) Importer(815301076,1909f56bfc062723c751e8b465ee728b)
Start importing Assets/Images/simple_tex.png using Guid(5b061f8e16e86bc45b6c21cc82a8d6df) Importer(815301076,1909f56bfc062723c751e8b465ee728b)  -> (artifact id: 'a011164002ed1ae0f6eb01d118165d3b') in 0.017211 seconds
  Import took 0.021962 seconds .

========================================================================
Received Import Request.
  Time since last request: 374.111469 seconds.
  path: Assets/UI/Checkmark.png
  artifactKey: Guid(2cbcdee74dd45554ab747ec7d677f84e) Importer(815301076,1909f56bfc062723c751e8b465ee728b)
Start importing Assets/UI/Checkmark.png using Guid(2cbcdee74dd45554ab747ec7d677f84e) Importer(815301076,1909f56bfc062723c751e8b465ee728b)  -> (artifact id: '1de2c77342ee301767d1da6d260ad0d8') in 0.034837 seconds
  Import took 0.039636 seconds .

========================================================================
Received Import Request.
  Time since last request: 0.000189 seconds.
  path: Assets/UI/NextButton.png
  artifactKey: Guid(f719a7fce31e912458b65081eea3b3ed) Importer(815301076,1909f56bfc062723c751e8b465ee728b)
Start importing Assets/UI/NextButton.png using Guid(f719a7fce31e912458b65081eea3b3ed) Importer(815301076,1909f56bfc062723c751e8b465ee728b)  -> (artifact id: '97b753750b50b34dc4584528b5654fed') in 0.028767 seconds
  Import took 0.032978 seconds .

========================================================================
Received Prepare
Registering precompiled user dll's ...
Registered in 0.002737 seconds.
Begin MonoManager ReloadAssembly
Native extension for WindowsStandalone target not found
Refreshing native plugins compatible for Editor in 0.51 ms, found 0 plugins.
Preloading 0 native plugins for Editor in 0.00 ms.
Invoked RoslynAnalysisRunner static constructor.
RoslynAnalysisRunner will not be running.
RoslynAnalysisRunner has terminated.
Mono: successfully reloaded assembly
- Completed reload, in  0.951 seconds
Platform modules already initialized, skipping
Shader 'Universal Render Pipeline/Particles/Lit': fallback shader 'Universal Render Pipeline/Particles/SimpleLit' not found
Refreshing native plugins compatible for Editor in 0.54 ms, found 0 plugins.
Preloading 0 native plugins for Editor in 0.00 ms.
Unloading 3074 Unused Serialized files (Serialized files now loaded: 0)
System memory in use before: 166.5 MB.
System memory in use after: 166.7 MB.

Unloading 11 unused Assets to reduce memory usage. Loaded Objects now: 3736.
Total: 2.384900 ms (FindLiveObjects: 0.367000 ms CreateObjectMapping: 0.079100 ms MarkObjects: 1.919400 ms  DeleteObjects: 0.018700 ms)

========================================================================
Received Prepare
Registering precompiled user dll's ...
Registered in 0.002814 seconds.
Begin MonoManager ReloadAssembly
Native extension for WindowsStandalone target not found
Refreshing native plugins compatible for Editor in 0.51 ms, found 0 plugins.
Preloading 0 native plugins for Editor in 0.00 ms.
Invoked RoslynAnalysisRunner static constructor.
RoslynAnalysisRunner will not be running.
RoslynAnalysisRunner has terminated.
Mono: successfully reloaded assembly
- Completed reload, in  0.942 seconds
Platform modules already initialized, skipping
Shader 'Universal Render Pipeline/Particles/Lit': fallback shader 'Universal Render Pipeline/Particles/SimpleLit' not found
Refreshing native plugins compatible for Editor in 0.52 ms, found 0 plugins.
Preloading 0 native plugins for Editor in 0.00 ms.
Unloading 3074 Unused Serialized files (Serialized files now loaded: 0)
System memory in use before: 166.5 MB.
System memory in use after: 166.8 MB.

Unloading 11 unused Assets to reduce memory usage. Loaded Objects now: 3739.
Total: 2.482500 ms (FindLiveObjects: 0.292200 ms CreateObjectMapping: 0.075000 ms MarkObjects: 2.092300 ms  DeleteObjects: 0.021000 ms)

========================================================================
Received Import Request.
  Time since last request: 293.759442 seconds.
  path: Assets/Standard Assets/Environment/SpeedTree/Broadleaf/Broadleaf_Desktop.spm
  artifactKey: Guid(c91c1eb85782d5748ace27eb4d7415bb) Importer(815301076,1909f56bfc062723c751e8b465ee728b)
Start importing Assets/Standard Assets/Environment/SpeedTree/Broadleaf/Broadleaf_Desktop.spm using Guid(c91c1eb85782d5748ace27eb4d7415bb) Importer(815301076,1909f56bfc062723c751e8b465ee728b)  -> (artifact id: '50979c4f2c2ff18fb4d2485a1ea29719') in 2.300273 seconds
  Import took 2.305907 seconds .

========================================================================
Received Prepare
Registering precompiled user dll's ...
Registered in 0.002880 seconds.
Begin MonoManager ReloadAssembly
Native extension for WindowsStandalone target not found
Refreshing native plugins compatible for Editor in 0.53 ms, found 0 plugins.
Preloading 0 native plugins for Editor in 0.00 ms.
Invoked RoslynAnalysisRunner static constructor.
RoslynAnalysisRunner will not be running.
RoslynAnalysisRunner has terminated.
Mono: successfully reloaded assembly
- Completed reload, in  1.002 seconds
Platform modules already initialized, skipping
Shader 'Universal Render Pipeline/Particles/Lit': fallback shader 'Universal Render Pipeline/Particles/SimpleLit' not found
Refreshing native plugins compatible for Editor in 1.00 ms, found 0 plugins.
Preloading 0 native plugins for Editor in 0.00 ms.
Unloading 3081 Unused Serialized files (Serialized files now loaded: 0)
System memory in use before: 170.8 MB.
System memory in use after: 171.1 MB.

Unloading 11 unused Assets to reduce memory usage. Loaded Objects now: 3795.
Total: 3.283500 ms (FindLiveObjects: 0.420200 ms CreateObjectMapping: 0.089300 ms MarkObjects: 2.748500 ms  DeleteObjects: 0.024000 ms)

========================================================================
Received Prepare
Registering precompiled user dll's ...
Registered in 0.002825 seconds.
Begin MonoManager ReloadAssembly
Native extension for WindowsStandalone target not found
Refreshing native plugins compatible for Editor in 0.52 ms, found 0 plugins.
Preloading 0 native plugins for Editor in 0.00 ms.
Invoked RoslynAnalysisRunner static constructor.
RoslynAnalysisRunner will not be running.
RoslynAnalysisRunner has terminated.
Mono: successfully reloaded assembly
- Completed reload, in  0.993 seconds
Platform modules already initialized, skipping
Shader 'Universal Render Pipeline/Particles/Lit': fallback shader 'Universal Render Pipeline/Particles/SimpleLit' not found
Refreshing native plugins compatible for Editor in 0.52 ms, found 0 plugins.
Preloading 0 native plugins for Editor in 0.00 ms.
Unloading 3075 Unused Serialized files (Serialized files now loaded: 0)
System memory in use before: 170.5 MB.
System memory in use after: 170.7 MB.

Unloading 11 unused Assets to reduce memory usage. Loaded Objects now: 3798.
Total: 2.758200 ms (FindLiveObjects: 0.393800 ms CreateObjectMapping: 0.084200 ms MarkObjects: 2.257800 ms  DeleteObjects: 0.021000 ms)

========================================================================
Received Prepare
Registering precompiled user dll's ...
Registered in 0.002716 seconds.
Begin MonoManager ReloadAssembly
Native extension for WindowsStandalone target not found
Refreshing native plugins compatible for Editor in 0.51 ms, found 0 plugins.
Preloading 0 native plugins for Editor in 0.00 ms.
Invoked RoslynAnalysisRunner static constructor.
RoslynAnalysisRunner will not be running.
RoslynAnalysisRunner has terminated.
Mono: successfully reloaded assembly
- Completed reload, in  0.965 seconds
Platform modules already initialized, skipping
Shader 'Universal Render Pipeline/Particles/Lit': fallback shader 'Universal Render Pipeline/Particles/SimpleLit' not found
Refreshing native plugins compatible for Editor in 0.52 ms, found 0 plugins.
Preloading 0 native plugins for Editor in 0.00 ms.
Unloading 3075 Unused Serialized files (Serialized files now loaded: 0)
System memory in use before: 170.5 MB.
System memory in use after: 170.7 MB.

Unloading 11 unused Assets to reduce memory usage. Loaded Objects now: 3801.
Total: 2.715900 ms (FindLiveObjects: 0.483200 ms CreateObjectMapping: 0.167200 ms MarkObjects: 2.046000 ms  DeleteObjects: 0.018600 ms)

========================================================================
Received Prepare
Registering precompiled user dll's ...
Registered in 0.003195 seconds.
Begin MonoManager ReloadAssembly
Native extension for WindowsStandalone target not found
Refreshing native plugins compatible for Editor in 0.51 ms, found 0 plugins.
Preloading 0 native plugins for Editor in 0.00 ms.
Invoked RoslynAnalysisRunner static constructor.
RoslynAnalysisRunner will not be running.
RoslynAnalysisRunner has terminated.
Mono: successfully reloaded assembly
- Completed reload, in  0.965 seconds
Platform modules already initialized, skipping
Shader 'Universal Render Pipeline/Particles/Lit': fallback shader 'Universal Render Pipeline/Particles/SimpleLit' not found
Refreshing native plugins compatible for Editor in 0.52 ms, found 0 plugins.
Preloading 0 native plugins for Editor in 0.00 ms.
Unloading 3075 Unused Serialized files (Serialized files now loaded: 0)
System memory in use before: 170.5 MB.
System memory in use after: 170.7 MB.

Unloading 11 unused Assets to reduce memory usage. Loaded Objects now: 3804.
Total: 2.560600 ms (FindLiveObjects: 0.300400 ms CreateObjectMapping: 0.075500 ms MarkObjects: 2.166300 ms  DeleteObjects: 0.017400 ms)

========================================================================
Received Prepare
Registering precompiled user dll's ...
Registered in 0.002861 seconds.
Begin MonoManager ReloadAssembly
Native extension for WindowsStandalone target not found
Refreshing native plugins compatible for Editor in 0.55 ms, found 0 plugins.
Preloading 0 native plugins for Editor in 0.00 ms.
Invoked RoslynAnalysisRunner static constructor.
RoslynAnalysisRunner will not be running.
RoslynAnalysisRunner has terminated.
Mono: successfully reloaded assembly
- Completed reload, in  0.974 seconds
Platform modules already initialized, skipping
Shader 'Universal Render Pipeline/Particles/Lit': fallback shader 'Universal Render Pipeline/Particles/SimpleLit' not found
Refreshing native plugins compatible for Editor in 0.54 ms, found 0 plugins.
Preloading 0 native plugins for Editor in 0.00 ms.
Unloading 3075 Unused Serialized files (Serialized files now loaded: 0)
System memory in use before: 170.5 MB.
System memory in use after: 170.7 MB.

Unloading 11 unused Assets to reduce memory usage. Loaded Objects now: 3807.
Total: 2.892700 ms (FindLiveObjects: 0.486000 ms CreateObjectMapping: 0.174200 ms MarkObjects: 2.208100 ms  DeleteObjects: 0.023300 ms)

========================================================================
Received Prepare
Registering precompiled user dll's ...
Registered in 0.002726 seconds.
Begin MonoManager ReloadAssembly
Native extension for WindowsStandalone target not found
Refreshing native plugins compatible for Editor in 0.51 ms, found 0 plugins.
Preloading 0 native plugins for Editor in 0.00 ms.
Invoked RoslynAnalysisRunner static constructor.
RoslynAnalysisRunner will not be running.
RoslynAnalysisRunner has terminated.
Mono: successfully reloaded assembly
- Completed reload, in  0.964 seconds
Platform modules already initialized, skipping
Shader 'Universal Render Pipeline/Particles/Lit': fallback shader 'Universal Render Pipeline/Particles/SimpleLit' not found
Refreshing native plugins compatible for Editor in 0.55 ms, found 0 plugins.
Preloading 0 native plugins for Editor in 0.00 ms.
Unloading 3075 Unused Serialized files (Serialized files now loaded: 0)
System memory in use before: 170.5 MB.
System memory in use after: 170.7 MB.

Unloading 11 unused Assets to reduce memory usage. Loaded Objects now: 3810.
Total: 2.460200 ms (FindLiveObjects: 0.341600 ms CreateObjectMapping: 0.080100 ms MarkObjects: 2.020200 ms  DeleteObjects: 0.017400 ms)

========================================================================
Received Prepare
Registering precompiled user dll's ...
Registered in 0.002840 seconds.
Begin MonoManager ReloadAssembly
Native extension for WindowsStandalone target not found
Refreshing native plugins compatible for Editor in 0.51 ms, found 0 plugins.
Preloading 0 native plugins for Editor in 0.00 ms.
Invoked RoslynAnalysisRunner static constructor.
RoslynAnalysisRunner will not be running.
RoslynAnalysisRunner has terminated.
Mono: successfully reloaded assembly
- Completed reload, in  0.958 seconds
Platform modules already initialized, skipping
Shader 'Universal Render Pipeline/Particles/Lit': fallback shader 'Universal Render Pipeline/Particles/SimpleLit' not found
Refreshing native plugins compatible for Editor in 0.57 ms, found 0 plugins.
Preloading 0 native plugins for Editor in 0.00 ms.
Unloading 3075 Unused Serialized files (Serialized files now loaded: 0)
System memory in use before: 170.5 MB.
System memory in use after: 170.8 MB.

Unloading 11 unused Assets to reduce memory usage. Loaded Objects now: 3813.
Total: 2.981700 ms (FindLiveObjects: 0.500100 ms CreateObjectMapping: 0.098800 ms MarkObjects: 2.351600 ms  DeleteObjects: 0.029100 ms)

========================================================================
Received Prepare
Registering precompiled user dll's ...
Registered in 0.002678 seconds.
Begin MonoManager ReloadAssembly
Native extension for WindowsStandalone target not found
Refreshing native plugins compatible for Editor in 0.52 ms, found 0 plugins.
Preloading 0 native plugins for Editor in 0.00 ms.
Invoked RoslynAnalysisRunner static constructor.
RoslynAnalysisRunner will not be running.
RoslynAnalysisRunner has terminated.
Mono: successfully reloaded assembly
- Completed reload, in  0.972 seconds
Platform modules already initialized, skipping
Shader 'Universal Render Pipeline/Particles/Lit': fallback shader 'Universal Render Pipeline/Particles/SimpleLit' not found
Refreshing native plugins compatible for Editor in 0.54 ms, found 0 plugins.
Preloading 0 native plugins for Editor in 0.00 ms.
Unloading 3075 Unused Serialized files (Serialized files now loaded: 0)
System memory in use before: 170.5 MB.
System memory in use after: 170.8 MB.

Unloading 11 unused Assets to reduce memory usage. Loaded Objects now: 3816.
Total: 2.465400 ms (FindLiveObjects: 0.385900 ms CreateObjectMapping: 0.075200 ms MarkObjects: 1.986300 ms  DeleteObjects: 0.016900 ms)

========================================================================
Received Prepare
Registering precompiled user dll's ...
Registered in 0.002811 seconds.
Begin MonoManager ReloadAssembly
Native extension for WindowsStandalone target not found
Refreshing native plugins compatible for Editor in 0.52 ms, found 0 plugins.
Preloading 0 native plugins for Editor in 0.00 ms.
Invoked RoslynAnalysisRunner static constructor.
RoslynAnalysisRunner will not be running.
RoslynAnalysisRunner has terminated.
Mono: successfully reloaded assembly
- Completed reload, in  0.951 seconds
Platform modules already initialized, skipping
Shader 'Universal Render Pipeline/Particles/Lit': fallback shader 'Universal Render Pipeline/Particles/SimpleLit' not found
Refreshing native plugins compatible for Editor in 0.52 ms, found 0 plugins.
Preloading 0 native plugins for Editor in 0.00 ms.
Unloading 3075 Unused Serialized files (Serialized files now loaded: 0)
System memory in use before: 170.5 MB.
System memory in use after: 170.8 MB.

Unloading 11 unused Assets to reduce memory usage. Loaded Objects now: 3819.
Total: 2.738000 ms (FindLiveObjects: 0.473300 ms CreateObjectMapping: 0.087600 ms MarkObjects: 2.155400 ms  DeleteObjects: 0.020100 ms)

AssetImportWorkerClient::OnTransportError - code=2 error=End of file
