
=== Sun May 19 16:14:43 2019

Packages were changed.
Update Mode: mergeDefaultDependencies

The following packages were updated:
  com.unity.analytics from version 3.2.2 to 3.3.2
  com.unity.collab-proxy from version 1.2.9 to 1.2.16
  com.unity.package-manager-ui from version 2.1.1 to 2.1.2
  com.unity.purchasing from version 2.0.1 to 2.0.6
  com.unity.textmeshpro from version 1.3.0 to 2.0.0
  com.unity.timeline from version 0.0.0-builtin to 1.0.0

=== Sun Oct 20 19:10:35 2019

Packages were changed.
Update Mode: updateDependencies

The following packages were added:
  com.unity.2d.tilemap@1.0.0
  com.unity.ext.nunit@1.0.0
  com.unity.test-framework@1.0.13
  com.unity.2d.sprite@1.0.0
  com.unity.ide.vscode@1.1.2
  com.unity.ide.rider@1.1.0
  com.unity.ugui@1.0.0
  com.unity.modules.androidjni@1.0.0
The following packages were updated:
  com.unity.package-manager-ui from version 2.1.2 to 2.2.0
  com.unity.textmeshpro from version 2.0.0 to 2.0.1
  com.unity.timeline from version 1.0.0 to 1.1.0

=== Mon Mar 30 13:16:57 2020

Packages were changed.
Update Mode: updateDependencies

The following packages were updated:
  com.unity.analytics from version 3.3.2 to 3.3.5
  com.unity.ide.rider from version 1.1.0 to 1.1.4
  com.unity.ide.vscode from version 1.1.2 to 1.1.4
  com.unity.test-framework from version 1.0.13 to 1.1.11
  com.unity.timeline from version 1.1.0 to 1.2.6
The following packages were removed:
  com.unity.package-manager-ui@2.2.0

=== Tue Apr 21 12:49:48 2020

Packages were changed.
Update Mode: updateDependencies

The following packages were updated:
  com.unity.ads from version 2.0.8 to 3.4.4
  com.unity.test-framework from version 1.1.11 to 1.1.13

=== Fri May  1 19:16:16 2020

Packages were changed.
Update Mode: updateDependencies

The following packages were updated:
  com.unity.ide.vscode from version 1.1.4 to 1.2.0

=== Sun May 10 19:00:00 2020

Packages were changed.
Update Mode: updateDependencies

The following packages were updated:
  com.unity.textmeshpro from version 2.0.0 to 2.0.1

=== Mon Jun  8 13:43:17 2020

Packages were changed.
Update Mode: updateDependencies

The following packages were updated:
  com.unity.ads from version 3.4.4 to 3.4.5

=== Fri Jul 31 19:10:44 2020

Packages were changed.
Update Mode: updateDependencies

The following packages were added:
  com.unity.ide.visualstudio@2.0.2
The following packages were updated:
  com.unity.collab-proxy from version 1.2.16 to 1.3.8
  com.unity.ide.rider from version 1.1.4 to 1.2.1
  com.unity.render-pipelines.universal from version 7.3.1 to 8.2.0
  com.unity.settings-manager from version 1.0.2 to 1.0.3
  com.unity.textmeshpro from version 2.0.1 to 3.0.0-preview.1

=== Thu Feb 11 19:50:00 2021

Packages were changed.
Update Mode: updateDependencies

The following packages were updated:
  com.unity.analytics from version 3.3.5 to 3.5.3
  com.unity.ext.nunit from version 1.0.0 to 1.0.6
  com.unity.ide.rider from version 1.2.1 to 2.0.7
  com.unity.ide.visualstudio from version 2.0.2 to 2.0.5
  com.unity.ide.vscode from version 1.2.1 to 1.2.3
  com.unity.inputsystem from version 1.0.0 to 1.0.1
  com.unity.purchasing from version 2.0.6 to 2.2.1
  com.unity.render-pipelines.universal from version 8.2.0 to 10.2.2
  com.unity.test-framework from version 1.1.16 to 1.1.20

=== Thu Feb  3 13:00:23 2022

Packages were changed.
Update Mode: updateDependencies

The following packages were updated:
  com.unity.analytics from version 3.5.3 to 3.6.12
  com.unity.collab-proxy from version 1.3.9 to 1.15.7
  com.unity.ide.visualstudio from version 2.0.7 to 2.0.12
  com.unity.ide.vscode from version 1.2.3 to 1.2.4
  com.unity.inputsystem from version 1.0.2 to 1.3.0
  com.unity.purchasing from version 2.2.1 to 4.1.2
  com.unity.render-pipelines.universal from version 10.2.2 to 10.8.1
  com.unity.test-framework from version 1.1.22 to 1.1.29
  com.unity.textmeshpro from version 3.0.3 to 3.0.6
  com.unity.timeline from version 1.4.6 to 1.4.8

=== Tue Jul 25 19:40:52 2023

Packages were changed.
Update Mode: updateDependencies

The following packages were added:
  com.unity.ai.navigation@1.1.4
The following packages were updated:
  com.unity.analytics from version 3.6.12 to 3.8.1
  com.unity.cinemachine from version 2.6.3 to 2.9.5
  com.unity.collab-proxy from version 1.15.7 to 2.0.5
  com.unity.ide.rider from version 2.0.7 to 3.0.24
  com.unity.ide.visualstudio from version 2.0.12 to 2.0.18
  com.unity.ide.vscode from version 1.2.4 to 1.2.5
  com.unity.inputsystem from version 1.3.0 to 1.6.1
  com.unity.postprocessing from version 3.0.1 to 3.2.2
  com.unity.purchasing from version 4.1.2 to 4.9.3
  com.unity.render-pipelines.universal from version 10.8.1 to 14.0.8
  com.unity.settings-manager from version 1.0.3 to 2.0.1
  com.unity.test-framework from version 1.1.29 to 1.1.33
  com.unity.timeline from version 1.4.8 to 1.7.5
